



Warning (comp): backtrace-debug.el:50:33: Warning: Unused lexical variable `var' Disable showing Disable logging
Warning (comp): backtrace-debug.el:131:47: Warning: Unused lexical argument `orig-fun' Disable showing Disable logging
Warning (comp): backtrace-debug.el:137:27: Warning: Unused lexical argument `debugger-args' Disable showing Disable logging
Warning (comp): backtrace-debug.el:201:9: Warning: reference to free variable ‘helm-alive-p’ Disable showing Disable logging
Warning (comp): backtrace-debug.el:201:22: Warning: assignment to free variable ‘helm-alive-p’ Disable showing Disable logging
Warning (comp): backtrace-debug.el:208:8: Warning: docstring wider than 80 characters Disable showing Disable logging
Warning (comp): backtrace-debug.el:204:4: Warning: the function ‘safe-exit-recursive-edit’ is not known to be defined. Disable showing Disable logging
Warning (comp): backtrace-debug.el:203:4: Warning: the function ‘safe-exit-recursive-edit-if-active’ is not known to be defined. Disable showing Disable logging
Warning (comp): backtrace-debug.el:202:34: Warning: the function ‘foobar’ is not known to be defined. Disable showing Disable logging
Warning (comp): backtrace-debug.el:95:4: Warning: the function ‘tramp-cleanup-all-connections’ is not known to be defined. Disable showing Disable logging

Warning (comp): debug-info.el:101:29: Warning: Unused lexical argument `alist' Disable showing Disable logging
Warning (comp): debug-info.el:130:46: Warning: Unused lexical argument `tag' Disable showing Disable logging
Warning (comp): debug-info.el:130:46: Warning: Unused lexical argument `fun' Disable showing Disable logging
Warning (comp): debug-info.el:206:28: Warning: Unused lexical variable `def' Disable showing Disable logging
Warning (comp): debug-info.el:209:35: Warning: Empty let body Disable showing Disable logging
Warning (comp): debug-info.el:212:8: Warning: function ‘debug-uninstall-on’ defined multiple times in this file Disable showing Disable logging
Warning (comp): debug-info.el:222:20: Warning: Unused lexical variable `def' Disable showing Disable logging
Warning (comp): debug-info.el:185:12: Warning: the function ‘delete*’ is not known to be defined. Disable showing Disable logging

Warning (comp): basic-utils.el:370:36: Warning: the function ‘subseq’ is not known to be defined. Disable showing Disable logging
Warning (comp): basic-utils.el:323:28: Warning: the function ‘load-lib-autoloads’ is not known to be defined. Disable showing Disable logging
Warning (comp): basic-utils.el:293:24: Warning: the function ‘with-report-error’ is not known to be defined. Disable showing Disable logging
Warning (comp): basic-utils.el:128:6: Warning: the function ‘ps-print-in-file’ is not known to be defined. Disable showing Disable logging

Warning (comp): startup-hooks.el:114:9: Warning: assignment to free variable ‘pabbrev-read-only-error’ Disable showing Disable logging
Warning (comp): startup-hooks.el:151:76: Warning: Unused lexical argument `frame' Disable showing Disable logging
Warning (comp): startup-hooks.el:171:9: Warning: assignment to free variable ‘pabbrev-read-only-error’ Disable showing Disable logging
Warning (comp): startup-hooks.el:324:72: Warning: Unused lexical argument `f' Disable showing Disable logging
Warning (comp): startup-hooks.el:433:6: Warning: the function ‘lotus-disable-login-session-interrupting-feature-hook’ is not known to be defined. Disable showing Disable logging
Warning (comp): startup-hooks.el:218:8: Warning: the function ‘message-notify’ is not known to be defined. Disable showing Disable logging

Warning (comp): lotus-crypt-utils.el:33:1: Warning: Package cl is deprecated Disable showing Disable logging

Warning (comp): rcs-backup.el:156:46: Warning: ‘vc-switch-backend’ is an obsolete function (as of 28.1). Disable showing Disable logging
Warning (comp): rcs-backup.el:247:1: Warning: defcustom for ‘rcs-backup-mode’ fails to specify containing group Disable showing Disable logging
Warning (comp): rcs-backup.el:247:1: Warning: defcustom for ‘rcs-backup-mode’ fails to specify containing group Disable showing Disable logging

Warning (comp): lotus-crypt-utils.el:113:14: Warning: ‘remove-if’ is an obsolete function (as of 27.1); use ‘cl-remove-if’ instead. Disable showing Disable logging
Warning (comp): lotus-crypt-utils.el:137:33: Warning: ‘find’ is an obsolete function (as of 27.1); use ‘cl-find’ instead. Disable showing Disable logging
Warning (comp): lotus-crypt-utils.el:163:20: Warning: ‘remove-if’ is an obsolete function (as of 27.1); use ‘cl-remove-if’ instead. Disable showing Disable logging
Warning (comp): lotus-crypt-utils.el:152:22: Warning: ‘remove-if-not’ is an obsolete function (as of 27.1); use ‘cl-remove-if-not’ instead. Disable showing Disable logging
Warning (comp): lotus-crypt-utils.el:160:26: Warning: ‘remove-if’ is an obsolete function (as of 27.1); use ‘cl-remove-if’ instead. Disable showing Disable logging
Warning (comp): lotus-crypt-utils.el:174:24: Warning: ‘decf’ is an obsolete alias (as of 27.1); use ‘cl-decf’ instead. Disable showing Disable logging
Warning (comp): lotus-crypt-utils.el:270:1: Warning: ‘defun*’ is an obsolete alias (as of 27.1); use ‘cl-defun’ instead. Disable showing Disable logging
Warning (comp): lotus-crypt-utils.el:281:30: Warning: ‘loop’ is an obsolete alias (as of 27.1); use ‘cl-loop’ instead. Disable showing Disable logging
Warning (comp): lotus-crypt-utils.el:283:10: Warning: called-interactively-p called with 0 arguments, but requires 1 Disable showing Disable logging
Warning (comp): lotus-crypt-utils.el:291:1: Warning: unescaped character literals `?(', `?)', `?[', `?]' detected, `?\(', `?\)', `?\[', `?\]' expected! Disable showing Disable logging
Warning (comp): lotus-crypt-utils.el:291:59: Warning: ‘loop’ is an obsolete alias (as of 27.1); use ‘cl-loop’ instead. Disable showing Disable logging
Warning (comp): lotus-crypt-utils.el:298:37: Warning: ‘loop’ is an obsolete alias (as of 27.1); use ‘cl-loop’ instead. Disable showing Disable logging
Warning (comp): lotus-crypt-utils.el:303:38: Warning: ‘loop’ is an obsolete alias (as of 27.1); use ‘cl-loop’ instead. Disable showing Disable logging
Warning (comp): lotus-crypt-utils.el:332:1: Warning: ‘defun*’ is an obsolete alias (as of 27.1); use ‘cl-defun’ instead. Disable showing Disable logging
Warning (comp): lotus-crypt-utils.el:340:10: Warning: called-interactively-p called with 0 arguments, but requires 1 Disable showing Disable logging
Warning (comp): lotus-crypt-utils.el:252:31: Warning: the function ‘epa-file-find-secure’ is not known to be defined. Disable showing Disable logging
Warning (comp): lotus-crypt-utils.el:67:28: Warning: the function ‘regexp-or’ is not known to be defined. Disable showing Disable logging

Warning (comp): lotus-misc-advices.el:39:27: Warning: reference to free variable ‘erc-identd-port’ Disable showing Disable logging
Warning (comp): lotus-misc-advices.el:50:35: Warning: reference to free variable ‘erc-identd-process’ Disable showing Disable logging
Warning (comp): lotus-misc-advices.el:49:40: Warning: assignment to free variable ‘erc-identd-process’ Disable showing Disable logging
Warning (comp): lotus-misc-advices.el:57:20: Warning: reference to free variable ‘polymode-mode’ Disable showing Disable logging
Warning (comp): lotus-misc-advices.el:57:34: Warning: reference to free variable ‘pm/polymode’ Disable showing Disable logging
Warning (comp): lotus-misc-advices.el:59:20: Warning: Unknown slot ‘-buffers’ Disable showing Disable logging
Warning (comp): lotus-misc-advices.el:75:27: Warning: the function ‘remove-if-not’ is not known to be defined. Disable showing Disable logging

Warning (comp): lotus-wrapper.el:72:4: Warning: ‘"erc-ident"’ is not a condition name (in condition-case) Disable showing Disable logging
Warning (comp): lotus-wrapper.el:72:4: Warning: ‘(add-function :override (symbol-function 'erc-identd-start) #'override--erc-identd-start)’ is not a condition name (in condition-case) Disable showing Disable logging
Warning (comp): lotus-wrapper.el:113:4: Warning: ‘(symbol-function 'erc-identd-start)’ is not a condition name (in condition-case) Disable showing Disable logging
Warning (comp): lotus-wrapper.el:113:4: Warning: ‘#'override--erc-identd-start’ is not a condition name (in condition-case) Disable showing Disable logging
Warning (comp): lotus-wrapper.el:246:18: Warning: reference to free variable ‘ggtags-last-default-directory’ Disable showing Disable logging
Warning (comp): lotus-wrapper.el:278:22: Warning: reference to free variable ‘ggtags-project-root’ Disable showing Disable logging
Warning (comp): lotus-wrapper.el:278:42: Warning: reference to free variable ‘ggtags-projects’ Disable showing Disable logging
Warning (comp): lotus-wrapper.el:255:13: Warning: assignment to free variable ‘ggtags-last-default-directory’ Disable showing Disable logging
Warning (comp): lotus-wrapper.el:275:39: Warning: assignment to free variable ‘ggtags-project-root’ Disable showing Disable logging
Warning (comp): lotus-wrapper.el:292:30: Warning: reference to free variable ‘lsp-headerline--path-up-to-project-segments’ Disable showing Disable logging
Warning (comp): lotus-wrapper.el:291:62: Warning: assignment to free variable ‘lsp-headerline--path-up-to-project-segments’ Disable showing Disable logging
Warning (comp): lotus-wrapper.el:300:33: Warning: the function ‘lsp-headerline--arrow-icon’ is not known to be defined. Disable showing Disable logging
Warning (comp): lotus-wrapper.el:296:35: Warning: the function ‘lsp-headerline--face-for-path’ is not known to be defined. Disable showing Disable logging
Warning (comp): lotus-wrapper.el:289:40: Warning: the function ‘lsp-headerline--path-up-to-project-root’ is not known to be defined. Disable showing Disable logging
Warning (comp): lotus-wrapper.el:285:19: Warning: the function ‘lsp-headerline--workspace-root’ is not known to be defined. Disable showing Disable logging
Warning (comp): lotus-wrapper.el:280:12: Warning: the function ‘ggtags-make-project’ is not known to be defined. Disable showing Disable logging
Warning (comp): lotus-wrapper.el:262:67: Warning: the function ‘ggtags-process-string’ is not known to be defined. Disable showing Disable logging
Warning (comp): lotus-wrapper.el:250:14: Warning: the function ‘ggtags-project-expired-p’ is not known to be defined. Disable showing Disable logging
Warning (comp): lotus-wrapper.el:249:10: Warning: the function ‘ggtags-project-p’ is not known to be defined. Disable showing Disable logging
Warning (comp): lotus-wrapper.el:90:4: Warning: the function ‘disable-file-truename-ad--unset-advices’ is not known to be defined. Disable showing Disable logging
Warning (comp): lotus-wrapper.el:50:4: Warning: the function ‘disable-file-truename-ad--set-advices’ is not known to be defined. Disable showing Disable logging


Warning (comp): org-publishing.el:30:1: Warning: Package cl is deprecated Disable showing Disable logging

Warning (comp): paths-mapper.el:135:61: Warning: the function ‘forgive/them’ is not known to be defined. Disable showing Disable logging
Warning (comp): paths-mapper.el:88:20: Warning: the function ‘dirname-of-file’ is not known to be defined. Disable showing Disable logging
Warning (comp): paths-mapper.el:57:37: Warning: the function ‘remove-if-not’ is not known to be defined. Disable showing Disable logging

Warning (comp): org-clock-wrapper.el:60:16: Warning: reference to free variable ‘org-timer-start-time’ Disable showing Disable logging
Warning (comp): org-clock-wrapper.el:61:21: Warning: reference to free variable ‘org-timer-countdown-timer’ Disable showing Disable logging
Warning (comp): org-clock-wrapper.el:65:26: Warning: reference to free variable ‘org-timer-default-timer’ Disable showing Disable logging
Warning (comp): org-clock-wrapper.el:98:47: Warning: Unused lexical variable `hl' Disable showing Disable logging
Warning (comp): org-clock-wrapper.el:106:25: Warning: assignment to free variable ‘org-timer-countdown-timer-title’ Disable showing Disable logging
Warning (comp): org-clock-wrapper.el:110:31: Warning: reference to free variable ‘org-timer-countdown-timer-title’ Disable showing Disable logging
Warning (comp): org-clock-wrapper.el:110:31: Warning: assignment to free variable ‘org-timer-countdown-timer’ Disable showing Disable logging
Warning (comp): org-clock-wrapper.el:112:25: Warning: assignment to free variable ‘org-timer-start-time’ Disable showing Disable logging
Warning (comp): org-clock-wrapper.el:114:25: Warning: assignment to free variable ‘org-timer-pause-time’ Disable showing Disable logging
Warning (comp): org-clock-wrapper.el:146:25: Warning: Unused lexical variable `cat' Disable showing Disable logging
Warning (comp): org-clock-wrapper.el:136:39: Warning: reference to free variable ‘org-outline-regexp’ Disable showing Disable logging
Warning (comp): org-clock-wrapper.el:141:25: Warning: reference to free variable ‘org-odd-levels-only’ Disable showing Disable logging
Warning (comp): org-clock-wrapper.el:159:72: Warning: reference to free variable ‘org-clock-default-task’ Disable showing Disable logging
Warning (comp): org-clock-wrapper.el:166:72: Warning: reference to free variable ‘org-clock-interrupted-task’ Disable showing Disable logging
Warning (comp): org-clock-wrapper.el:171:37: Warning: reference to free variable ‘org-clock-marker’ Disable showing Disable logging
Warning (comp): org-clock-wrapper.el:177:17: Warning: reference to free variable ‘org-clock-history’ Disable showing Disable logging
Warning (comp): org-clock-wrapper.el:170:23: Warning: the function ‘org-clocking-p’ is not known to be defined. Disable showing Disable logging
Warning (comp): org-clock-wrapper.el:165:20: Warning: the function ‘helm-build-sync-source’ is not known to be defined. Disable showing Disable logging
Warning (comp): org-clock-wrapper.el:194:87: Warning: the function ‘time-stamp-string’ is not known to be defined. Disable showing Disable logging
Warning (comp): org-clock-wrapper.el:139:25: Warning: the function ‘org-fontify-like-in-org-mode’ is not known to be defined. Disable showing Disable logging
Warning (comp): org-clock-wrapper.el:135:28: Warning: the function ‘org-back-to-heading’ is not known to be defined. Disable showing Disable logging
Warning (comp): org-clock-wrapper.el:133:27: Warning: the function ‘org-get-heading’ is not known to be defined. Disable showing Disable logging
Warning (comp): org-clock-wrapper.el:132:23: Warning: the function ‘org-get-category’ is not known to be defined. Disable showing Disable logging
Warning (comp): org-clock-wrapper.el:128:27: Warning: the function ‘org-base-buffer’ might not be defined at runtime. Disable showing Disable logging
Warning (comp): org-clock-wrapper.el:115:20: Warning: the function ‘org-timer-set-mode-line’ is not known to be defined. Disable showing Disable logging
Warning (comp): org-clock-wrapper.el:109:26: Warning: the function ‘org-timer--run-countdown-timer’ is not known to be defined. Disable showing Disable logging
Warning (comp): org-clock-wrapper.el:99:22: Warning: the function ‘org-timer--get-timer-title’ is not known to be defined. Disable showing Disable logging
Warning (comp): org-clock-wrapper.el:98:47: Warning: the function ‘org-timer-fix-incomplete’ is not known to be defined. Disable showing Disable logging
Warning (comp): org-clock-wrapper.el:98:24: Warning: the function ‘org-timer-hms-to-secs’ is not known to be defined. Disable showing Disable logging
Warning (comp): org-clock-wrapper.el:97:12: Warning: the function ‘org-timer-show-remaining-time’ is not known to be defined. Disable showing Disable logging
Warning (comp): org-clock-wrapper.el:73:19: Warning: the function ‘org-duration-string-to-minutes’ is not known to be defined. Disable showing Disable logging
Warning (comp): org-clock-wrapper.el:73:51: Warning: the function ‘org-entry-get’ is not known to be defined. Disable showing Disable logging
Warning (comp): org-clock-wrapper.el:71:30: Warning: the function ‘org-get-at-eol’ might not be defined at runtime. Disable showing Disable logging
Warning (comp): org-clock-wrapper.el:68:29: Warning: the function ‘org-clock-get-clocked-time’ is not known to be defined. Disable showing Disable logging

Warning (comp): org-publishing.el:54:1: Warning: ‘defun*’ is an obsolete alias (as of 27.1); use ‘cl-defun’ instead. Disable showing Disable logging
Warning (comp): org-publishing.el:58:32: Warning: Empty let body Disable showing Disable logging
Warning (comp): org-publishing.el:79:16: Warning: ‘delete*’ is an obsolete function (as of 27.1); use ‘cl-delete’ instead. Disable showing Disable logging
Warning (comp): org-publishing.el:108:1: Warning: ‘defun*’ is an obsolete alias (as of 27.1); use ‘cl-defun’ instead. Disable showing Disable logging
Warning (comp): org-publishing.el:138:1: Warning: ‘defun*’ is an obsolete alias (as of 27.1); use ‘cl-defun’ instead. Disable showing Disable logging
Warning (comp): org-publishing.el:170:41: Warning: ‘remove-if-not’ is an obsolete function (as of 27.1); use ‘cl-remove-if-not’ instead. Disable showing Disable logging
Warning (comp): org-publishing.el:177:8: Warning: function ‘org-publish-get-attribute’ defined multiple times in this file Disable showing Disable logging
Warning (comp): org-publishing.el:182:35: Warning: ‘remove-if-not’ is an obsolete function (as of 27.1); use ‘cl-remove-if-not’ instead. Disable showing Disable logging
Warning (comp): org-publishing.el:188:26: Warning: ‘find-if’ is an obsolete function (as of 27.1); use ‘cl-find-if’ instead. Disable showing Disable logging

Warning (comp): lotus-spacemacs-utils.el:32:45: Warning: reference to free variable ‘spacemacs-cache-directory’ Disable showing Disable logging

Warning (comp): muse-publishing.el:29:1: Warning: Package cl is deprecated Disable showing Disable logging
Warning (comp): misc-publishing.el:29:1: Warning: Package cl is deprecated Disable showing Disable logging
Warning (comp): misc-publishing.el:47:1: Warning: ‘defun*’ is an obsolete alias (as of 27.1); use ‘cl-defun’ instead. Disable showing Disable logging
Warning (comp): misc-publishing.el:54:71: Warning: reference to free variable ‘misc-publishing-styles’ Disable showing Disable logging
Warning (comp): misc-publishing.el:60:1: Warning: ‘defun*’ is an obsolete alias (as of 27.1); use ‘cl-defun’ instead. Disable showing Disable logging
Warning (comp): misc-publishing.el:71:71: Warning: reference to free variable ‘misc-publishing-styles’ Disable showing Disable logging
Warning (comp): misc-publishing.el:90:28: Warning: Empty let body Disable showing Disable logging
Warning (comp): misc-publishing.el:91:30: Warning: reference to free variable ‘misc-project-alist’ Disable showing Disable logging
Warning (comp): misc-publishing.el:95:17: Warning: assignment to free variable ‘misc-project-alist’ Disable showing Disable logging
Warning (comp): misc-publishing.el:101:53: Warning: reference to free variable ‘misc-project-alist’ Disable showing Disable logging
Warning (comp): misc-publishing.el:115:16: Warning: ‘delete*’ is an obsolete function (as of 27.1); use ‘cl-delete’ instead. Disable showing Disable logging
Warning (comp): misc-publishing.el:117:31: Warning: assignment to free variable ‘misc-project-alist’ Disable showing Disable logging
Warning (comp): misc-publishing.el:120:1: Warning: ‘defun*’ is an obsolete alias (as of 27.1); use ‘cl-defun’ instead. Disable showing Disable logging
Warning (comp): misc-publishing.el:128:72: Warning: reference to free variable ‘misc-publishing-styles’ Disable showing Disable logging
Warning (comp): misc-publishing.el:144:1: Warning: ‘defun*’ is an obsolete alias (as of 27.1); use ‘cl-defun’ instead. Disable showing Disable logging
Warning (comp): misc-publishing.el:156:72: Warning: reference to free variable ‘misc-publishing-styles’ Disable showing Disable logging
Warning (comp): misc-publishing.el:52:13: Warning: the function ‘muse-publishing-generated-contents-path’ is not known to be defined. Disable showing Disable logging

Warning (comp): frame-utils.el:82:64: Warning: Unused lexical variable `*frame-session-restore*' Disable showing Disable logging
Warning (comp): frame-utils.el:92:30: Warning: Unused lexical variable `org-donot-try-to-clock-in' Disable showing Disable logging
Warning (comp): frame-utils.el:204:8: Warning: docstring wider than 80 characters Disable showing Disable logging
Warning (comp): frame-utils.el:223:1: Warning: Variable ‘frame’ left uninitialized Disable showing Disable logging
Warning (comp): frame-utils.el:223:8: Warning: docstring wider than 80 characters Disable showing Disable logging
Warning (comp): frame-utils.el:227:4: Warning: Unused lexical variable `cl-first' Disable showing Disable logging
Warning (comp): frame-utils.el:241:30: Warning: Unused lexical argument `frame' Disable showing Disable logging

Warning (comp): muse-publishing.el:53:1: Warning: ‘defun*’ is an obsolete alias (as of 27.1); use ‘cl-defun’ instead. Disable showing Disable logging
Warning (comp): muse-publishing.el:66:1: Warning: ‘defun*’ is an obsolete alias (as of 27.1); use ‘cl-defun’ instead. Disable showing Disable logging
Warning (comp): muse-publishing.el:96:28: Warning: Empty let body Disable showing Disable logging
Warning (comp): muse-publishing.el:121:16: Warning: ‘delete*’ is an obsolete function (as of 27.1); use ‘cl-delete’ instead. Disable showing Disable logging
Warning (comp): muse-publishing.el:126:1: Warning: ‘defun*’ is an obsolete alias (as of 27.1); use ‘cl-defun’ instead. Disable showing Disable logging
Warning (comp): muse-publishing.el:151:1: Warning: ‘defun*’ is an obsolete alias (as of 27.1); use ‘cl-defun’ instead. Disable showing Disable logging
Warning (comp): muse-publishing.el:242:11: Warning: macro ‘muse-with-project-style’ defined multiple times in this file Disable showing Disable logging
Warning (comp): muse-publishing.el:402:6: Warning: ‘remove-if-not’ is an obsolete function (as of 27.1); use ‘cl-remove-if-not’ instead. Disable showing Disable logging
Warning (comp): muse-publishing.el:573:9: Warning: assignment to free variable ‘muse-wiki-interwiki-alist’ Disable showing Disable logging
Warning (comp): muse-publishing.el:624:50: Warning: reference to free variable ‘muse-blosxom-extension’ Disable showing Disable logging
Warning (comp): muse-publishing.el:799:17: Warning: reference to free variable ‘muse-mode-local-map’ Disable showing Disable logging
Warning (comp): muse-publishing.el:834:12: Warning: docstring wider than 80 characters Disable showing Disable logging
Warning (comp): muse-publishing.el:950:10: Warning: function ‘muse-help’ defined multiple times in this file Disable showing Disable logging
Warning (comp): muse-publishing.el:989:10: Warning: function ‘muse-publish-classify-url’ defined multiple times in this file Disable showing Disable logging
Warning (comp): muse-publishing.el:989:10: Warning: docstring wider than 80 characters Disable showing Disable logging
Warning (comp): muse-publishing.el:1019:10: Warning: function ‘muse-project-link-page’ defined multiple times in this file Disable showing Disable logging
Warning (comp): muse-publishing.el:1029:13: Warning: function ‘muse-publish-link-file’ defined multiple times in this file Disable showing Disable logging
Warning (comp): muse-publishing.el:817:12: Warning: the function ‘org-export-region-as-html’ is not known to be defined. Disable showing Disable logging
Warning (comp): muse-publishing.el:450:4: Warning: the function ‘get-string-from-file’ is not known to be defined. Disable showing Disable logging
Warning (comp): muse-publishing.el:328:10: Warning: the function ‘dirname-of-file’ is not known to be defined. Disable showing Disable logging
Warning (comp): muse-publishing.el:225:31: Warning: the function ‘pathname-delete-trailing-/’ is not known to be defined. Disable showing Disable logging

Warning (comp): org-capture+-helm.el:39:54: Warning: Unused lexical argument `scope' Disable showing Disable logging

Warning (comp): org-clock-hooks.el:97:4: Warning: the function ‘org-clock-get-work-day-clock-string’ is not known to be defined. Disable showing Disable logging
Warning (comp): org-clock-hooks.el:57:12: Warning: the function ‘lotus-org-unnamed-task-at-point-p’ is not known to be defined. Disable showing Disable logging

Warning (comp): org-rl-obj.el:517:1: Warning: variable ‘_debug’ not left unused Disable showing Disable logging
Warning (comp): org-rl-obj.el:538:1: Warning: variable ‘_debug’ not left unused Disable showing Disable logging

Warning (comp): /home/s/hell/.emacs.d/elpa/28.2/develop/org-clock-resolve-advanced-20230507.12/org-rl-obj-cps.el: Error: error Unknown specializer org-rl-clock Disable showing Disable logging
Warning (comp): /home/s/hell/.emacs.d/elpa/28.2/develop/org-clock-resolve-advanced-20230507.12/org-rl-clock.el: Error: error Unknown specializer org-rl-clock Disable showing Disable logging

Warning (comp): emacs-panel.el:54:11: Warning: macro ‘emacs-panel-x-property-u32r’ defined multiple times in this file Disable showing Disable logging

Warning (comp): utils-custom.el:269:12: Warning: the function ‘feture’ is not known to be defined. Disable showing Disable logging

Warning (comp): pgm-utils.el:61:27: Warning: ‘write-file-hooks’ is an obsolete variable (as of 22.1); use ‘write-file-functions’ instead. Disable showing Disable logging
Warning (comp): pgm-utils.el:85:23: Warning: Unused lexical argument `file' Disable showing Disable logging
Warning (comp): pgm-utils.el:115:38: Warning: Unused lexical argument `condition' Disable showing Disable logging
Warning (comp): pgm-utils.el:115:38: Warning: Unused lexical argument `feature' Disable showing Disable logging
Warning (comp): pgm-utils.el:116:41: Warning: Unused lexical argument `condition' Disable showing Disable logging
Warning (comp): pgm-utils.el:116:41: Warning: Unused lexical argument `feature' Disable showing Disable logging
Warning (comp): pgm-utils.el:124:8: Warning: value returned from (window-buffer (selected-window)) is unused Disable showing Disable logging
Warning (comp): pgm-utils.el:86:33: Warning: the function ‘remove-if-not’ is not known to be defined. Disable showing Disable logging
Warning (comp): pgm-utils.el:67:47: Warning: the function ‘forgive/them’ is not known to be defined. Disable showing Disable logging

Warning (comp): org-clock-unnamed-task.el:91:8: Warning: the function ‘org-global-put-property’ is not known to be defined. Disable showing Disable logging
Warning (comp): org-clock-unnamed-task.el:89:29: Warning: the function ‘org-global-get-property’ is not known to be defined. Disable showing Disable logging

Warning (comp): org-clock-in-if-not.el:115:67: Warning: ‘(quit error)’ is a malformed function Disable showing Disable logging
Warning (comp): org-clock-in-if-not.el:123:18: Warning: org-clock-in-refile called with 2 arguments, but accepts only 1 Disable showing Disable logging

Warning (comp): org-onchange.el:242:12: Warning: Unused lexical variable `err' Disable showing Disable logging
Warning (comp): org-onchange.el:249:34: Warning: reference to free variable ‘err’ Disable showing Disable logging
Warning (comp): org-onchange.el:269:4: Warning: Unused lexical argument `fail-quietly' Disable showing Disable logging
Warning (comp): org-onchange.el:296:34: Warning: Unused lexical argument `node' Disable showing Disable logging
Warning (comp): org-onchange.el:517:8: Warning: docstring wider than 80 characters Disable showing Disable logging
Warning (comp): org-onchange.el:67:24: Warning: the function ‘rest’ is not known to be defined. Disable showing Disable logging

Warning (comp): task-manager.el:638:5: Warning: Unused lexical argument `task-dir' Disable showing Disable logging
Warning (comp): task-manager.el:630:33: Warning: reference to free variable ‘planner-expand-name-favor-future-p’ Disable showing Disable logging
Warning (comp): task-manager.el:632:37: Warning: reference to free variable ‘planner-task-dates-favor-future-p’ Disable showing Disable logging
Warning (comp): task-manager.el:650:61: Warning: reference to free variable ‘project-main-file’ Disable showing Disable logging
Warning (comp): task-manager.el:789:17: Warning: Unused lexical argument `task-type' Disable showing Disable logging
Warning (comp): task-manager.el:789:17: Warning: Unused lexical argument `name' Disable showing Disable logging
Warning (comp): task-manager.el:789:17: Warning: Unused lexical argument `desc' Disable showing Disable logging
Warning (comp): task-manager.el:833:8: Warning: set-buffer-modified-p called with 0 arguments, but requires 1 Disable showing Disable logging
Warning (comp): task-manager.el:850:6: Warning: the function ‘directory-files-recursive’ is not known to be defined. Disable showing Disable logging
Warning (comp): task-manager.el:804:10: Warning: the function ‘org-context-clock-task-update-tasks’ is not known to be defined. Disable showing Disable logging
Warning (comp): task-manager.el:706:29: Warning: the function ‘iproject-add-files-to-project’ is not known to be defined. Disable showing Disable logging
Warning (comp): task-manager.el:704:27: Warning: the function ‘project-buffer-set-master-project-no-status’ is not known to be defined. Disable showing Disable logging
Warning (comp): task-manager.el:699:27: Warning: the function ‘iproject-add-project’ is not known to be defined. Disable showing Disable logging
Warning (comp): task-manager.el:696:6: Warning: the function ‘with-project-buffer’ is not known to be defined. Disable showing Disable logging
Warning (comp): task-manager.el:685:5: Warning: the function ‘org-remove-heading-from-file-headline’ is not known to be defined. Disable showing Disable logging
Warning (comp): task-manager.el:658:8: Warning: the function ‘org-insert-subheading-to-file-headline’ is not known to be defined. Disable showing Disable logging
Warning (comp): task-manager.el:637:27: Warning: the function ‘task-status-of-sys’ is not known to be defined. Disable showing Disable logging
Warning (comp): task-manager.el:634:29: Warning: the function ‘planner-read-date’ is not known to be defined. Disable showing Disable logging
Warning (comp): task-manager.el:629:6: Warning: the function ‘planner-create-task’ is not known to be defined. Disable showing Disable logging
Warning (comp): task-manager.el:628:50: Warning: the function ‘planner-file-alist’ is not known to be defined. Disable showing Disable logging
Warning (comp): task-manager.el:628:22: Warning: the function ‘planner-read-non-date-page’ is not known to be defined. Disable showing Disable logging
Warning (comp): task-manager.el:568:52: Warning: the function ‘planner-bugzilla-bug-to-task-name’ is not known to be defined. Disable showing Disable logging
Warning (comp): task-manager.el:538:32: Warning: the function ‘iproject-choose-file-filter’ is not known to be defined. Disable showing Disable logging
Warning (comp): task-manager.el:537:32: Warning: the function ‘iproject-choose-root-folder’ is not known to be defined. Disable showing Disable logging
Warning (comp): task-manager.el:536:32: Warning: the function ‘iproject-choose-main-file’ is not known to be defined. Disable showing Disable logging
Warning (comp): task-manager.el:535:32: Warning: the function ‘iproject-choose-project-type’ is not known to be defined. Disable showing Disable logging
Warning (comp): task-manager.el:505:33: Warning: the function ‘bugzilla-get-bugs’ is not known to be defined. Disable showing Disable logging
Warning (comp): task-manager.el:203:24: Warning: the function ‘l-reduce’ is not known to be defined. Disable showing Disable logging

Warning (comp): lotus-misc-lib.el:42:18: Warning: reference to free variable ‘s1’ Disable showing Disable logging
Warning (comp): lotus-misc-lib.el:42:21: Warning: reference to free variable ‘replacement’ Disable showing Disable logging
Warning (comp): lotus-misc-lib.el:61:8: Warning: function ‘xcopy-as-html’ defined multiple times in this file Disable showing Disable logging
Warning (comp): lotus-misc-lib.el:70:8: Warning: function ‘xcopy-as-html’ defined multiple times in this file Disable showing Disable logging
Warning (comp): lotus-misc-lib.el:79:8: Warning: function ‘xcopy-as-html’ defined multiple times in this file Disable showing Disable logging
Warning (comp): lotus-misc-lib.el:81:4: Warning: Unused lexical variable `htmlize-pre-style' Disable showing Disable logging
Warning (comp): lotus-misc-lib.el:73:16: Warning: the function ‘copy-as-format--html’ is not known to be defined. Disable showing Disable logging
Warning (comp): lotus-misc-lib.el:64:16: Warning: the function ‘htmlize-region-for-paste’ is not known to be defined. Disable showing Disable logging
Warning (comp): lotus-misc-lib.el:56:33: Warning: the function ‘htmlize-buffer-1’ is not known to be defined. Disable showing Disable logging
Warning (comp): lotus-misc-lib.el:43:4: Warning: the function ‘recentf-list’ is not known to be defined. Disable showing Disable logging

Warning (comp): org-clock-daysummary.el:113:2: Warning: assignment to free variable ‘org-work-day-face-underrun’ Disable showing Disable logging
Warning (comp): org-clock-daysummary.el:140:23: Warning: ‘org-float-time’ is an obsolete function (as of 9.0); use ‘float-time’ instead. Disable showing Disable logging
Warning (comp): org-clock-daysummary.el:141:23: Warning: ‘org-float-time’ is an obsolete function (as of 9.0); use ‘float-time’ instead. Disable showing Disable logging
Warning (comp): org-clock-daysummary.el:141:38: Warning: reference to free variable ‘org-clock-start-time’ Disable showing Disable logging
Warning (comp): org-clock-daysummary.el:163:11: Warning: ‘org-float-time’ is an obsolete function (as of 9.0); use ‘float-time’ instead. Disable showing Disable logging
Warning (comp): org-clock-daysummary.el:203:1: Warning: defvar `org-timer-secs-to-time-fmt-fn' docstring wider than 80 characters Disable showing Disable logging
Warning (comp): org-clock-daysummary.el:214:43: Warning: ‘org-float-time’ is an obsolete function (as of 9.0); use ‘float-time’ instead. Disable showing Disable logging
Warning (comp): org-clock-daysummary.el:226:16: Warning: ‘org-propertize’ is an obsolete function (as of 9.0); use ‘propertize’ instead. Disable showing Disable logging
Warning (comp): org-clock-daysummary.el:229:26: Warning: reference to free variable ‘org-work-day-face-underrun’ Disable showing Disable logging
Warning (comp): org-clock-daysummary.el:233:57: Warning: ‘org-propertize’ is an obsolete function (as of 9.0); use ‘propertize’ instead. Disable showing Disable logging
Warning (comp): org-clock-daysummary.el:275:16: Warning: ‘org-propertize’ is an obsolete function (as of 9.0); use ‘propertize’ instead. Disable showing Disable logging
Warning (comp): org-clock-daysummary.el:280:30: Warning: reference to free variable ‘org-clock-string-limit’ Disable showing Disable logging
Warning (comp): org-clock-daysummary.el:285:21: Warning: ‘org-propertize’ is an obsolete function (as of 9.0); use ‘propertize’ instead. Disable showing Disable logging
Warning (comp): org-clock-daysummary.el:284:57: Warning: ‘org-propertize’ is an obsolete function (as of 9.0); use ‘propertize’ instead. Disable showing Disable logging
Warning (comp): org-clock-daysummary.el:327:6: Warning: the function ‘spaceline-spacemacs-theme’ is not known to be defined. Disable showing Disable logging
Warning (comp): org-clock-daysummary.el:333:43: Warning: the function ‘spaceline-toggle-workdaysummary-on’ is not known to be defined. Disable showing Disable logging
Warning (comp): org-clock-daysummary.el:254:10: Warning: the function ‘directory-files-recursive’ is not known to be defined. Disable showing Disable logging
Warning (comp): org-clock-daysummary.el:158:40: Warning: the function ‘org-timer-secs-to-hms’ is not known to be defined. Disable showing Disable logging


Warning (comp): /home/s/hell/.emacs.d/elpa/28.2/develop/occ-20230510.27/occ-tsk.el: Error: Symbol's function definition is void occ-debug Disable showing Disable logging

Warning (comp): occ-obj-simple.el:249:58: Warning: Unused lexical argument `action' Disable showing Disable logging
Warning (comp): occ-obj-simple.el:249:58: Warning: Unused lexical argument `candidate' Disable showing Disable logging
Warning (comp): occ-obj-simple.el:392:12: Warning: the function ‘org-capture-place-template’ might not be defined at runtime. Disable showing Disable logging
Warning (comp): occ-obj-simple.el:391:12: Warning: the function ‘org-capture-put’ might not be defined at runtime. Disable showing Disable logging
Warning (comp): occ-obj-simple.el:390:31: Warning: the function ‘org-capture-fill-template’ might not be defined at runtime. Disable showing Disable logging
Warning (comp): occ-obj-simple.el:388:72: Warning: the function ‘org-capture-get’ might not be defined at runtime. Disable showing Disable logging
Warning (comp): occ-obj-simple.el:386:6: Warning: the function ‘org-capture-set-target-location’ might not be defined at runtime. Disable showing Disable logging
Warning (comp): occ-obj-simple.el:385:6: Warning: the function ‘org-capture-get-template’ might not be defined at runtime. Disable showing Disable logging
Warning (comp): occ-obj-simple.el:384:6: Warning: the function ‘org-capture-set-plist’ might not be defined at runtime. Disable showing Disable logging
Warning (comp): occ-obj-simple.el:383:17: Warning: the function ‘org-capture-select-template’ might not be defined at runtime. Disable showing Disable logging
Warning (comp): occ-obj-simple.el:331:49: Warning: the function ‘lotus-org-create-anonymous-task’ is not known to be defined. Disable showing Disable logging
Warning (comp): occ-obj-simple.el:166:77: Warning: the function ‘org-capture+-debug’ might not be defined at runtime. Disable showing Disable logging
Warning (comp): occ-obj-simple.el:164:24: Warning: the function ‘occ-do-capture+-helm-select-template’ is not known to be defined. Disable showing Disable logging
Warning (comp): occ-obj-simple.el:140:4: Warning: the function ‘org-capture-run’ might not be defined at runtime. Disable showing Disable logging
Warning (comp): occ-obj-simple.el:78:4: Warning: the function ‘org-content’ might not be defined at runtime. Disable showing Disable logging
Warning (comp): occ-helm-method.el:154:4: Warning: the function ‘occ-helm-build-candidates’ is not known to be defined. Disable showing Disable logging
Warning (comp): occ-obj-method.el:130:21: Warning: the function ‘select-frame-set-input-disable-raise’ might not be defined at runtime. Disable showing Disable logging
Warning (comp): occ-obj-method.el:130:21: Warning: the function ‘lotus-set-window-configuration’ might not be defined at runtime. Disable showing Disable logging
Warning (comp): occ-obj-method.el:130:21: Warning: the function ‘select-frame-set-input-enable-raise’ might not be defined at runtime. Disable showing Disable logging
Warning (comp): occ-obj-method.el:130:21: Warning: the function ‘safe-exit-recursive-edit-if-active’ might not be defined at runtime. Disable showing Disable logging
Warning (comp): occ-obj-method.el:130:21: Warning: the function ‘safe-delete-window’ might not be defined at runtime. Disable showing Disable logging
Warning (comp): occ-obj-method.el:129:28: Warning: the function ‘run-with-idle-plus-timer’ might not be defined at runtime. Disable showing Disable logging
Warning (comp): occ-obj-method.el:129:28: Warning: the function ‘helm-symbol-name’ might not be defined at runtime. Disable showing Disable logging
Warning (comp): occ-obj-method.el:129:28: Warning: the function ‘helm-this-command’ might not be defined at runtime. Disable showing Disable logging
Warning (comp): occ-obj-method.el:129:28: Warning: the function ‘lotus-current-window-configuration’ might not be defined at runtime. Disable showing Disable logging
Warning (comp): occ-prop-base.el:188:4: Warning: Unused lexical variable `e' Disable showing Disable logging
Warning (comp): occ-prop-base.el:198:4: Warning: Unused lexical variable `e' Disable showing Disable logging
Warning (comp): occ-prop-base.el:208:4: Warning: Unused lexical variable `e' Disable showing Disable logging
Warning (comp): occ-prop-base.el:218:4: Warning: Unused lexical variable `e' Disable showing Disable logging
Warning (comp): occ-prop-base.el:234:4: Warning: Unused lexical variable `e' Disable showing Disable logging
Warning (comp): occ-prop-base.el:248:4: Warning: Unused lexical variable `e' Disable showing Disable logging
Warning (comp): occ-prop-base.el:287:4: Warning: Unused lexical variable `e' Disable showing Disable logging

Warning (comp): occ-property-editor.el:347:27: Warning: Unused lexical variable `err' Disable showing Disable logging
Warning (comp): occ-obj-clock-method.el:483:18: Warning: Unused lexical variable `key' Disable showing Disable logging
Warning (comp): occ-obj-clock-method.el:391:54: Warning: the function ‘lotus-utils-debug’ might not be defined at runtime. Disable showing Disable logging
Warning (comp): /home/s/hell/.emacs.d/elpa/28.2/develop/occ-20230510.27/occ-obj-accessor.el: Error: Symbol's function definition is void occ-debug Disable showing Disable logging
Warning (comp): /home/s/hell/.emacs.d/elpa/28.2/develop/occ-20230510.27/occ-util-common.el: Error: Symbol's function definition is void occ-debug Disable showing Disable logging
Warning (comp): /home/s/hell/.emacs.d/elpa/28.2/develop/occ-20230510.27/occ-prop-utils.el: Error: Symbol's function definition is void occ-debug Disable showing Disable logging



In end of data:
org-clock-resolve-advanced-pkg.el:1:2: Warning: the function ‘define-package’
    is not known to be defined.

In test-org-rl-resolve-clock-force:
org-clock-resolve-advanced.el:258:29: Warning: Unused lexical variable
    `mins-spent'
org-clock-resolve-advanced.el:252:14: Warning: reference to free variable
    ‘prompt-fn’
org-clock-resolve-advanced.el:253:16: Warning: ‘format’ called with 2 args to
    fill 1 format field(s)
org-clock-resolve-advanced.el:268:61: Warning: reference to free variable
    ‘idle-sec’
org-clock-resolve-advanced.el:280:13: Warning: Unused lexical argument
    `idle-sec'

In end of data:
org-clock-resolve-advanced.el:155:45: Warning: the function
    ‘safe-exit-recursive-edit’ might not be defined at runtime.
org-clock-resolve-advanced.el:98:73: Warning: the function
    ‘safe-exit-recursive-edit-if-active’ might not be defined at runtime.
org-clock-resolve-advanced.el:98:73: Warning: the function
    ‘select-frame-set-input-enable-raise’ might not be defined at runtime.
org-clock-resolve-advanced.el:98:73: Warning: the function
    ‘select-frame-set-input-disable-raise’ might not be defined at runtime.
org-clock-resolve-advanced.el:163:17: Warning: the function
    ‘select-frame-set-input-focus-no-raise-p’ might not be defined at runtime.
org-clock-resolve-advanced.el:163:68: Warning: the function
    ‘lotus-utils-debug’ might not be defined at runtime.
org-clock-resolve-advanced.el:163:68: Warning: the function
    ‘lotus-active-recursive-edit’ might not be defined at runtime.
org-clock-resolve-advanced.el:35:1: Warning: the function
    ‘elscreen-notify-screen-modification’ might not be defined at runtime.

In toplevel form:
org-rl-clock.el:291:44: Warning: Unused lexical argument `maxtimelen-mins'

In toplevel form:
org-rl-obj.el:517:1: Warning: variable ‘_debug’ not left unused
org-rl-obj.el:538:1: Warning: variable ‘_debug’ not left unused
